<?xml version="1.0" encoding="UTF-8"?>
<testng-results ignored="8" total="19" passed="10" failed="1" skipped="0">
  <reporter-output>
  </reporter-output>
  <suite started-at="2024-03-06T15:42:23 IST" name="Suite" finished-at="2024-03-06T15:42:49 IST" duration-ms="25876">
    <groups>
    </groups>
    <test started-at="2024-03-06T15:42:23 IST" name="Test" finished-at="2024-03-06T15:42:49 IST" duration-ms="25876">
      <class name="com.shopnow.qa.testcases.TC_HomePageTest">
        <test-method is-config="true" signature="setUp()[pri:0, instance:com.shopnow.qa.testcases.TC_HomePageTest@1283bb96]" started-at="2024-03-06T15:42:20 IST" name="setUp" finished-at="2024-03-06T15:42:23 IST" duration-ms="3313" status="PASS">
          <reporter-output>
          </reporter-output>
        </test-method> <!-- setUp -->
        <test-method signature="verifyHomePageLogoDisplayed()[pri:1, instance:com.shopnow.qa.testcases.TC_HomePageTest@1283bb96]" started-at="2024-03-06T15:42:23 IST" name="verifyHomePageLogoDisplayed" finished-at="2024-03-06T15:42:23 IST" duration-ms="63" status="PASS">
          <reporter-output>
          </reporter-output>
        </test-method> <!-- verifyHomePageLogoDisplayed -->
        <test-method signature="verifyHomePageTitle()[pri:1, instance:com.shopnow.qa.testcases.TC_HomePageTest@1283bb96]" started-at="2024-03-06T15:42:23 IST" name="verifyHomePageTitle" finished-at="2024-03-06T15:42:23 IST" duration-ms="17" status="PASS">
          <reporter-output>
          </reporter-output>
        </test-method> <!-- verifyHomePageTitle -->
        <test-method signature="verifyHomePageUrl()[pri:1, instance:com.shopnow.qa.testcases.TC_HomePageTest@1283bb96]" started-at="2024-03-06T15:42:23 IST" name="verifyHomePageUrl" finished-at="2024-03-06T15:42:23 IST" duration-ms="8" status="PASS">
          <reporter-output>
          </reporter-output>
        </test-method> <!-- verifyHomePageUrl -->
        <test-method signature="enterItemOnSearchTextField()[pri:2, instance:com.shopnow.qa.testcases.TC_HomePageTest@1283bb96]" started-at="2024-03-06T15:42:23 IST" name="enterItemOnSearchTextField" finished-at="2024-03-06T15:42:26 IST" duration-ms="2323" status="PASS">
          <reporter-output>
          </reporter-output>
        </test-method> <!-- enterItemOnSearchTextField -->
        <test-method is-config="true" signature="tearDown()[pri:0, instance:com.shopnow.qa.testcases.TC_HomePageTest@1283bb96]" started-at="2024-03-06T15:42:49 IST" name="tearDown" finished-at="2024-03-06T15:42:49 IST" duration-ms="1" status="PASS">
          <reporter-output>
          </reporter-output>
        </test-method> <!-- tearDown -->
      </class> <!-- com.shopnow.qa.testcases.TC_HomePageTest -->
      <class name="com.shopnow.qa.testcases.TC_ProductPageTest">
        <test-method signature="clickOnAddToCart()[pri:0, instance:com.shopnow.qa.testcases.TC_ProductPageTest@55b699ef]" started-at="2024-03-06T15:42:26 IST" name="clickOnAddToCart" finished-at="2024-03-06T15:42:29 IST" duration-ms="2944" status="PASS">
          <reporter-output>
          </reporter-output>
        </test-method> <!-- clickOnAddToCart -->
      </class> <!-- com.shopnow.qa.testcases.TC_ProductPageTest -->
      <class name="com.shopnow.qa.testcases.TC_LaptopSearchPageTest">
        <test-method signature="verifySearchPageTitle()[pri:1, instance:com.shopnow.qa.testcases.TC_LaptopSearchPageTest@2a3b5b47]" started-at="2024-03-06T15:42:26 IST" name="verifySearchPageTitle" finished-at="2024-03-06T15:42:26 IST" duration-ms="57" status="PASS">
          <reporter-output>
          </reporter-output>
        </test-method> <!-- verifySearchPageTitle -->
        <test-method signature="addToCart()[pri:2, instance:com.shopnow.qa.testcases.TC_LaptopSearchPageTest@2a3b5b47]" started-at="2024-03-06T15:42:26 IST" name="addToCart" finished-at="2024-03-06T15:42:26 IST" duration-ms="255" status="PASS">
          <reporter-output>
          </reporter-output>
        </test-method> <!-- addToCart -->
      </class> <!-- com.shopnow.qa.testcases.TC_LaptopSearchPageTest -->
      <class name="com.shopnow.qa.testcases.TC_SecurePaymentPageTest">
        <test-method signature="fillCheckoutSection()[pri:0, instance:com.shopnow.qa.testcases.TC_SecurePaymentPageTest@799f10e1]" started-at="2024-03-06T15:42:30 IST" name="fillCheckoutSection" finished-at="2024-03-06T15:42:49 IST" duration-ms="18650" status="FAIL">
          <exception class="org.openqa.selenium.NoSuchElementException">
            <message>
              <![CDATA[Unable to find element with locator By.xpath: //button[text()='Deliver Here']
For documentation on this error, please visit: https://www.selenium.dev/documentation/webdriver/troubleshooting/errors#no-such-element-exception
Build info: version: '4.13.0', revision: 'ba948ece5b*'
System info: os.name: 'Windows 10', os.arch: 'amd64', os.version: '10.0', java.version: '17.0.9'
Driver info: driver.version: RemoteWebDriver]]>
            </message>
            <full-stacktrace>
              <![CDATA[org.openqa.selenium.NoSuchElementException: Unable to find element with locator By.xpath: //button[text()='Deliver Here']
For documentation on this error, please visit: https://www.selenium.dev/documentation/webdriver/troubleshooting/errors#no-such-element-exception
Build info: version: '4.13.0', revision: 'ba948ece5b*'
System info: os.name: 'Windows 10', os.arch: 'amd64', os.version: '10.0', java.version: '17.0.9'
Driver info: driver.version: RemoteWebDriver
at org.openqa.selenium.remote.ElementLocation$ElementFinder$2.findElement(ElementLocation.java:168)
at org.openqa.selenium.remote.ElementLocation.findElement(ElementLocation.java:59)
at org.openqa.selenium.remote.RemoteWebDriver.findElement(RemoteWebDriver.java:359)
at org.openqa.selenium.remote.RemoteWebDriver.findElement(RemoteWebDriver.java:353)
at org.openqa.selenium.support.pagefactory.DefaultElementLocator.findElement(DefaultElementLocator.java:68)
at org.openqa.selenium.support.pagefactory.internal.LocatingElementHandler.invoke(LocatingElementHandler.java:38)
at jdk.proxy2/jdk.proxy2.$Proxy19.click(Unknown Source)
at com.shopnow.qa.pageobject.SecurePaymentPage.clickOnDeliverHereButton(SecurePaymentPage.java:57)
at com.shopnow.qa.testcases.TC_SecurePaymentPageTest.fillCheckoutSection(TC_SecurePaymentPageTest.java:22)
at java.base/jdk.internal.reflect.NativeMethodAccessorImpl.invoke0(Native Method)
at java.base/jdk.internal.reflect.NativeMethodAccessorImpl.invoke(NativeMethodAccessorImpl.java:77)
at java.base/jdk.internal.reflect.DelegatingMethodAccessorImpl.invoke(DelegatingMethodAccessorImpl.java:43)
at java.base/java.lang.reflect.Method.invoke(Method.java:568)
at org.testng.internal.MethodInvocationHelper.invokeMethod(MethodInvocationHelper.java:133)
at org.testng.internal.TestInvoker.invokeMethod(TestInvoker.java:598)
at org.testng.internal.TestInvoker.invokeTestMethod(TestInvoker.java:173)
at org.testng.internal.MethodRunner.runInSequence(MethodRunner.java:46)
at org.testng.internal.TestInvoker$MethodInvocationAgent.invoke(TestInvoker.java:824)
at org.testng.internal.TestInvoker.invokeTestMethods(TestInvoker.java:146)
at org.testng.internal.TestMethodWorker.invokeTestMethods(TestMethodWorker.java:146)
at org.testng.internal.TestMethodWorker.run(TestMethodWorker.java:128)
at java.base/java.util.ArrayList.forEach(ArrayList.java:1511)
at org.testng.TestRunner.privateRun(TestRunner.java:794)
at org.testng.TestRunner.run(TestRunner.java:596)
at org.testng.SuiteRunner.runTest(SuiteRunner.java:377)
at org.testng.SuiteRunner.runSequentially(SuiteRunner.java:371)
at org.testng.SuiteRunner.privateRun(SuiteRunner.java:332)
at org.testng.SuiteRunner.run(SuiteRunner.java:276)
at org.testng.SuiteRunnerWorker.runSuite(SuiteRunnerWorker.java:53)
at org.testng.SuiteRunnerWorker.run(SuiteRunnerWorker.java:96)
at org.testng.TestNG.runSuitesSequentially(TestNG.java:1212)
at org.testng.TestNG.runSuitesLocally(TestNG.java:1134)
at org.testng.TestNG.runSuites(TestNG.java:1063)
at org.testng.TestNG.run(TestNG.java:1031)
at org.testng.remote.AbstractRemoteTestNG.run(AbstractRemoteTestNG.java:115)
at org.testng.remote.RemoteTestNG.initAndRun(RemoteTestNG.java:251)
at org.testng.remote.RemoteTestNG.main(RemoteTestNG.java:77)
]]>
            </full-stacktrace>
          </exception> <!-- org.openqa.selenium.NoSuchElementException -->
          <reporter-output>
          </reporter-output>
        </test-method> <!-- fillCheckoutSection -->
      </class> <!-- com.shopnow.qa.testcases.TC_SecurePaymentPageTest -->
      <class name="com.shopnow.qa.testcases.TC_ShoppingCartPageTest">
        <test-method signature="verifyShoppingCartPageTitle()[pri:1, instance:com.shopnow.qa.testcases.TC_ShoppingCartPageTest@18078bef]" started-at="2024-03-06T15:42:29 IST" name="verifyShoppingCartPageTitle" finished-at="2024-03-06T15:42:29 IST" duration-ms="30" status="PASS">
          <reporter-output>
          </reporter-output>
        </test-method> <!-- verifyShoppingCartPageTitle -->
        <test-method signature="verifyProductInShoppingCart()[pri:2, instance:com.shopnow.qa.testcases.TC_ShoppingCartPageTest@18078bef]" started-at="2024-03-06T15:42:29 IST" name="verifyProductInShoppingCart" finished-at="2024-03-06T15:42:29 IST" duration-ms="200" status="PASS">
          <reporter-output>
          </reporter-output>
        </test-method> <!-- verifyProductInShoppingCart -->
        <test-method signature="clickOnPlaceOrder()[pri:3, instance:com.shopnow.qa.testcases.TC_ShoppingCartPageTest@18078bef]" started-at="2024-03-06T15:42:29 IST" name="clickOnPlaceOrder" finished-at="2024-03-06T15:42:30 IST" duration-ms="1242" status="PASS">
          <reporter-output>
          </reporter-output>
        </test-method> <!-- clickOnPlaceOrder -->
      </class> <!-- com.shopnow.qa.testcases.TC_ShoppingCartPageTest -->
    </test> <!-- Test -->
  </suite> <!-- Suite -->
</testng-results>
